TN:
SF:server.js
FN:19,(anonymous_0)
FN:21,(anonymous_1)
FN:25,(anonymous_2)
FNF:3
FNH:0
FNDA:0,(anonymous_0)
FNDA:0,(anonymous_1)
FNDA:0,(anonymous_2)
DA:1,1
DA:2,1
DA:3,1
DA:4,1
DA:6,1
DA:9,1
DA:10,1
DA:11,1
DA:14,1
DA:15,0
DA:20,0
DA:21,0
DA:22,0
DA:25,0
DA:28,1
LF:15
LH:10
BRDA:14,0,0,0
BRDA:14,0,1,1
BRDA:20,1,0,0
BRDA:20,1,1,0
BRF:4
BRH:1
end_of_record
TN:
SF:models\Task.js
FNF:0
FNH:0
DA:3,2
DA:5,2
DA:21,2
LF:3
LH:3
BRF:0
BRH:0
end_of_record
TN:
SF:routes\taskRoutes.js
FN:6,(anonymous_0)
FN:12,(anonymous_1)
FN:19,(anonymous_2)
FN:25,(anonymous_3)
FNF:4
FNH:4
FNDA:1,(anonymous_0)
FNDA:1,(anonymous_1)
FNDA:1,(anonymous_2)
FNDA:1,(anonymous_3)
DA:1,1
DA:2,1
DA:3,1
DA:6,1
DA:7,1
DA:8,1
DA:12,1
DA:13,1
DA:14,1
DA:15,1
DA:19,1
DA:20,1
DA:21,1
DA:25,1
DA:26,1
DA:27,1
DA:30,1
LF:17
LH:17
BRF:0
BRH:0
end_of_record
